#Software: Microsoft Internet Information Services 10.0
#Version: 1.0
#Date: 2018-04-25 18:03:22
#Fields: date time s-ip cs-method cs-uri-stem cs-uri-query s-port cs-username c-ip cs(User-Agent) cs(Referer) sc-status sc-substatus sc-win32-status time-taken
2018-04-25 18:03:22 ::1 GET /Login - 56299 - ::1 Mozilla/5.0+(Windows+NT+10.0;+Win64;+x64)+AppleWebKit/537.36+(KHTML,+like+Gecko)+Chrome/65.0.3325.181+Safari/537.36 - 200 0 0 30201
2018-04-25 18:03:22 ::1 GET /Content/bootstrap.css - 56299 - ::1 Mozilla/5.0+(Windows+NT+10.0;+Win64;+x64)+AppleWebKit/537.36+(KHTML,+like+Gecko)+Chrome/65.0.3325.181+Safari/537.36 http://localhost:56299/Login 304 0 0 120
2018-04-25 18:03:22 ::1 GET /Scripts/modernizr-2.6.2.js - 56299 - ::1 Mozilla/5.0+(Windows+NT+10.0;+Win64;+x64)+AppleWebKit/537.36+(KHTML,+like+Gecko)+Chrome/65.0.3325.181+Safari/537.36 http://localhost:56299/Login 304 0 0 120
2018-04-25 18:03:22 ::1 GET /Content/Site.css - 56299 - ::1 Mozilla/5.0+(Windows+NT+10.0;+Win64;+x64)+AppleWebKit/537.36+(KHTML,+like+Gecko)+Chrome/65.0.3325.181+Safari/537.36 http://localhost:56299/Login 304 0 0 141
2018-04-25 18:03:22 ::1 GET /Scripts/respond.js - 56299 - ::1 Mozilla/5.0+(Windows+NT+10.0;+Win64;+x64)+AppleWebKit/537.36+(KHTML,+like+Gecko)+Chrome/65.0.3325.181+Safari/537.36 http://localhost:56299/Login 304 0 0 292
2018-04-25 18:03:22 ::1 GET /Scripts/jquery-1.10.2.js - 56299 - ::1 Mozilla/5.0+(Windows+NT+10.0;+Win64;+x64)+AppleWebKit/537.36+(KHTML,+like+Gecko)+Chrome/65.0.3325.181+Safari/537.36 http://localhost:56299/Login 304 0 0 390
2018-04-25 18:03:22 ::1 GET /Scripts/bootstrap.js - 56299 - ::1 Mozilla/5.0+(Windows+NT+10.0;+Win64;+x64)+AppleWebKit/537.36+(KHTML,+like+Gecko)+Chrome/65.0.3325.181+Safari/537.36 http://localhost:56299/Login 304 0 0 753
#Software: Microsoft Internet Information Services 10.0
#Version: 1.0
#Date: 2018-04-25 18:07:31
#Fields: date time s-ip cs-method cs-uri-stem cs-uri-query s-port cs-username c-ip cs(User-Agent) cs(Referer) sc-status sc-substatus sc-win32-status time-taken
2018-04-25 18:07:31 ::1 GET /Login - 56299 - ::1 Mozilla/5.0+(Windows+NT+10.0;+Win64;+x64)+AppleWebKit/537.36+(KHTML,+like+Gecko)+Chrome/65.0.3325.181+Safari/537.36 - 302 0 0 4597
2018-04-25 18:07:32 ::1 GET /Login.aspx ReturnUrl=%2fLogin 56299 - ::1 Mozilla/5.0+(Windows+NT+10.0;+Win64;+x64)+AppleWebKit/537.36+(KHTML,+like+Gecko)+Chrome/65.0.3325.181+Safari/537.36 - 301 0 0 1266
2018-04-25 18:07:32 ::1 GET /Login ReturnUrl=%2fLogin 56299 - ::1 Mozilla/5.0+(Windows+NT+10.0;+Win64;+x64)+AppleWebKit/537.36+(KHTML,+like+Gecko)+Chrome/65.0.3325.181+Safari/537.36 - 401 0 0 5
2018-04-25 18:08:02 ::1 GET /Login - 56299 - ::1 Mozilla/5.0+(Windows+NT+10.0;+Win64;+x64)+AppleWebKit/537.36+(KHTML,+like+Gecko)+Chrome/65.0.3325.181+Safari/537.36 - 302 0 0 17
2018-04-25 18:08:02 ::1 GET /Login ReturnUrl=%2fLogin 56299 - ::1 Mozilla/5.0+(Windows+NT+10.0;+Win64;+x64)+AppleWebKit/537.36+(KHTML,+like+Gecko)+Chrome/65.0.3325.181+Safari/537.36 - 401 0 0 24
#Software: Microsoft Internet Information Services 10.0
#Version: 1.0
#Date: 2018-04-25 18:08:29
#Fields: date time s-ip cs-method cs-uri-stem cs-uri-query s-port cs-username c-ip cs(User-Agent) cs(Referer) sc-status sc-substatus sc-win32-status time-taken
2018-04-25 18:08:29 ::1 GET /Login - 56299 - ::1 Mozilla/5.0+(Windows+NT+10.0;+Win64;+x64)+AppleWebKit/537.36+(KHTML,+like+Gecko)+Chrome/65.0.3325.181+Safari/537.36 - 200 0 0 7232
#Software: Microsoft Internet Information Services 10.0
#Version: 1.0
#Date: 2018-04-25 18:13:37
#Fields: date time s-ip cs-method cs-uri-stem cs-uri-query s-port cs-username c-ip cs(User-Agent) cs(Referer) sc-status sc-substatus sc-win32-status time-taken
2018-04-25 18:13:37 ::1 GET /Login - 56299 - ::1 Mozilla/5.0+(Windows+NT+10.0;+Win64;+x64)+AppleWebKit/537.36+(KHTML,+like+Gecko)+Chrome/65.0.3325.181+Safari/537.36 - 200 0 0 10155
2018-04-25 18:15:08 ::1 POST /Login - 56299 - ::1 Mozilla/5.0+(Windows+NT+10.0;+Win64;+x64)+AppleWebKit/537.36+(KHTML,+like+Gecko)+Chrome/65.0.3325.181+Safari/537.36 http://localhost:56299/Login 200 0 0 198
#Software: Microsoft Internet Information Services 10.0
#Version: 1.0
#Date: 2018-04-25 18:16:43
#Fields: date time s-ip cs-method cs-uri-stem cs-uri-query s-port cs-username c-ip cs(User-Agent) cs(Referer) sc-status sc-substatus sc-win32-status time-taken
2018-04-25 18:16:43 ::1 GET /Login - 56299 - ::1 Mozilla/5.0+(Windows+NT+10.0;+Win64;+x64)+AppleWebKit/537.36+(KHTML,+like+Gecko)+Chrome/65.0.3325.181+Safari/537.36 - 200 0 0 3916
2018-04-25 18:16:53 ::1 POST /Login - 56299 - ::1 Mozilla/5.0+(Windows+NT+10.0;+Win64;+x64)+AppleWebKit/537.36+(KHTML,+like+Gecko)+Chrome/65.0.3325.181+Safari/537.36 http://localhost:56299/Login 200 0 0 1137
2018-04-25 18:17:45 ::1 POST /Login - 56299 - ::1 Mozilla/5.0+(Windows+NT+10.0;+Win64;+x64)+AppleWebKit/537.36+(KHTML,+like+Gecko)+Chrome/65.0.3325.181+Safari/537.36 http://localhost:56299/Login 200 0 0 793
2018-04-25 18:17:45 ::1 GET /favicon.ico - 56299 - ::1 Mozilla/5.0+(Windows+NT+10.0;+Win64;+x64)+AppleWebKit/537.36+(KHTML,+like+Gecko)+Chrome/65.0.3325.181+Safari/537.36 http://localhost:56299/Login 200 0 0 33
#Software: Microsoft Internet Information Services 10.0
#Version: 1.0
#Date: 2018-04-25 18:25:09
#Fields: date time s-ip cs-method cs-uri-stem cs-uri-query s-port cs-username c-ip cs(User-Agent) cs(Referer) sc-status sc-substatus sc-win32-status time-taken
2018-04-25 18:25:09 ::1 GET /Login - 56299 - ::1 Mozilla/5.0+(Windows+NT+10.0;+Win64;+x64)+AppleWebKit/537.36+(KHTML,+like+Gecko)+Chrome/65.0.3325.181+Safari/537.36 - 200 0 0 3982
2018-04-25 18:25:16 ::1 POST /Login - 56299 - ::1 Mozilla/5.0+(Windows+NT+10.0;+Win64;+x64)+AppleWebKit/537.36+(KHTML,+like+Gecko)+Chrome/65.0.3325.181+Safari/537.36 http://localhost:56299/Login 200 0 0 754
2018-04-25 18:25:45 ::1 POST /Login - 56299 - ::1 Mozilla/5.0+(Windows+NT+10.0;+Win64;+x64)+AppleWebKit/537.36+(KHTML,+like+Gecko)+Chrome/65.0.3325.181+Safari/537.36 http://localhost:56299/Login 200 0 0 135
2018-04-25 18:25:45 ::1 POST /Login - 56299 - ::1 Mozilla/5.0+(Windows+NT+10.0;+Win64;+x64)+AppleWebKit/537.36+(KHTML,+like+Gecko)+Chrome/65.0.3325.181+Safari/537.36 http://localhost:56299/Login 200 0 0 27
#Software: Microsoft Internet Information Services 10.0
#Version: 1.0
#Date: 2018-04-25 18:26:33
#Fields: date time s-ip cs-method cs-uri-stem cs-uri-query s-port cs-username c-ip cs(User-Agent) cs(Referer) sc-status sc-substatus sc-win32-status time-taken
2018-04-25 18:26:33 ::1 GET /Login - 56299 - ::1 Mozilla/5.0+(Windows+NT+10.0;+Win64;+x64)+AppleWebKit/537.36+(KHTML,+like+Gecko)+Chrome/65.0.3325.181+Safari/537.36 - 200 0 0 12059
2018-04-25 18:26:39 ::1 POST /Login - 56299 - ::1 Mozilla/5.0+(Windows+NT+10.0;+Win64;+x64)+AppleWebKit/537.36+(KHTML,+like+Gecko)+Chrome/65.0.3325.181+Safari/537.36 http://localhost:56299/Login 200 0 0 67
2018-04-25 18:27:04 ::1 POST /Login - 56299 - ::1 Mozilla/5.0+(Windows+NT+10.0;+Win64;+x64)+AppleWebKit/537.36+(KHTML,+like+Gecko)+Chrome/65.0.3325.181+Safari/537.36 http://localhost:56299/Login 200 0 0 53
2018-04-25 18:27:04 ::1 POST /Login - 56299 - ::1 Mozilla/5.0+(Windows+NT+10.0;+Win64;+x64)+AppleWebKit/537.36+(KHTML,+like+Gecko)+Chrome/65.0.3325.181+Safari/537.36 http://localhost:56299/Login 200 0 0 48
2018-04-25 18:27:05 ::1 POST /Login - 56299 - ::1 Mozilla/5.0+(Windows+NT+10.0;+Win64;+x64)+AppleWebKit/537.36+(KHTML,+like+Gecko)+Chrome/65.0.3325.181+Safari/537.36 http://localhost:56299/Login 200 0 0 28
2018-04-25 18:27:05 ::1 POST /Login - 56299 - ::1 Mozilla/5.0+(Windows+NT+10.0;+Win64;+x64)+AppleWebKit/537.36+(KHTML,+like+Gecko)+Chrome/65.0.3325.181+Safari/537.36 http://localhost:56299/Login 200 0 0 39
2018-04-25 18:27:06 ::1 POST /Login - 56299 - ::1 Mozilla/5.0+(Windows+NT+10.0;+Win64;+x64)+AppleWebKit/537.36+(KHTML,+like+Gecko)+Chrome/65.0.3325.181+Safari/537.36 http://localhost:56299/Login 200 0 0 32
2018-04-25 18:27:06 ::1 POST /Login - 56299 - ::1 Mozilla/5.0+(Windows+NT+10.0;+Win64;+x64)+AppleWebKit/537.36+(KHTML,+like+Gecko)+Chrome/65.0.3325.181+Safari/537.36 http://localhost:56299/Login 200 0 0 33
2018-04-25 18:27:06 ::1 POST /Login - 56299 - ::1 Mozilla/5.0+(Windows+NT+10.0;+Win64;+x64)+AppleWebKit/537.36+(KHTML,+like+Gecko)+Chrome/65.0.3325.181+Safari/537.36 http://localhost:56299/Login 200 0 0 70
2018-04-25 18:27:06 ::1 POST /Login - 56299 - ::1 Mozilla/5.0+(Windows+NT+10.0;+Win64;+x64)+AppleWebKit/537.36+(KHTML,+like+Gecko)+Chrome/65.0.3325.181+Safari/537.36 http://localhost:56299/Login 200 0 0 60
2018-04-25 18:27:07 ::1 POST /Login - 56299 - ::1 Mozilla/5.0+(Windows+NT+10.0;+Win64;+x64)+AppleWebKit/537.36+(KHTML,+like+Gecko)+Chrome/65.0.3325.181+Safari/537.36 http://localhost:56299/Login 200 0 0 33
2018-04-25 18:27:07 ::1 POST /Login - 56299 - ::1 Mozilla/5.0+(Windows+NT+10.0;+Win64;+x64)+AppleWebKit/537.36+(KHTML,+like+Gecko)+Chrome/65.0.3325.181+Safari/537.36 http://localhost:56299/Login 200 0 0 36
2018-04-25 18:27:08 ::1 POST /Login - 56299 - ::1 Mozilla/5.0+(Windows+NT+10.0;+Win64;+x64)+AppleWebKit/537.36+(KHTML,+like+Gecko)+Chrome/65.0.3325.181+Safari/537.36 http://localhost:56299/Login 200 0 0 42
2018-04-25 18:27:08 ::1 POST /Login - 56299 - ::1 Mozilla/5.0+(Windows+NT+10.0;+Win64;+x64)+AppleWebKit/537.36+(KHTML,+like+Gecko)+Chrome/65.0.3325.181+Safari/537.36 http://localhost:56299/Login 200 0 0 39
2018-04-25 18:27:10 ::1 POST /Login - 56299 - ::1 Mozilla/5.0+(Windows+NT+10.0;+Win64;+x64)+AppleWebKit/537.36+(KHTML,+like+Gecko)+Chrome/65.0.3325.181+Safari/537.36 http://localhost:56299/Login 200 0 0 52
2018-04-25 18:27:10 ::1 POST /Login - 56299 - ::1 Mozilla/5.0+(Windows+NT+10.0;+Win64;+x64)+AppleWebKit/537.36+(KHTML,+like+Gecko)+Chrome/65.0.3325.181+Safari/537.36 http://localhost:56299/Login 200 0 0 41
2018-04-25 18:27:11 ::1 POST /Login - 56299 - ::1 Mozilla/5.0+(Windows+NT+10.0;+Win64;+x64)+AppleWebKit/537.36+(KHTML,+like+Gecko)+Chrome/65.0.3325.181+Safari/537.36 http://localhost:56299/Login 200 0 0 104
2018-04-25 18:28:01 ::1 POST /Login - 56299 - ::1 Mozilla/5.0+(Windows+NT+10.0;+Win64;+x64)+AppleWebKit/537.36+(KHTML,+like+Gecko)+Chrome/65.0.3325.181+Safari/537.36 http://localhost:56299/Login 200 0 0 58
#Software: Microsoft Internet Information Services 10.0
#Version: 1.0
#Date: 2018-04-25 18:28:57
#Fields: date time s-ip cs-method cs-uri-stem cs-uri-query s-port cs-username c-ip cs(User-Agent) cs(Referer) sc-status sc-substatus sc-win32-status time-taken
2018-04-25 18:28:57 ::1 GET /Login - 56299 - ::1 Mozilla/5.0+(Windows+NT+10.0;+Win64;+x64)+AppleWebKit/537.36+(KHTML,+like+Gecko)+Chrome/65.0.3325.181+Safari/537.36 - 200 0 0 3996
2018-04-25 18:29:05 ::1 POST /Login - 56299 - ::1 Mozilla/5.0+(Windows+NT+10.0;+Win64;+x64)+AppleWebKit/537.36+(KHTML,+like+Gecko)+Chrome/65.0.3325.181+Safari/537.36 http://localhost:56299/Login 200 0 0 71
2018-04-25 18:29:07 ::1 GET /Contact.aspx loanNo=12340 56299 - ::1 Mozilla/5.0+(Windows+NT+10.0;+Win64;+x64)+AppleWebKit/537.36+(KHTML,+like+Gecko)+Chrome/65.0.3325.181+Safari/537.36 http://localhost:56299/Login 404 0 0 108
#Software: Microsoft Internet Information Services 10.0
#Version: 1.0
#Date: 2018-04-25 19:52:46
#Fields: date time s-ip cs-method cs-uri-stem cs-uri-query s-port cs-username c-ip cs(User-Agent) cs(Referer) sc-status sc-substatus sc-win32-status time-taken
2018-04-25 19:52:46 ::1 GET /Login - 56299 - ::1 Mozilla/5.0+(Windows+NT+10.0;+Win64;+x64)+AppleWebKit/537.36+(KHTML,+like+Gecko)+Chrome/65.0.3325.181+Safari/537.36 - 200 0 0 3591
2018-04-25 19:52:55 ::1 POST /Login - 56299 - ::1 Mozilla/5.0+(Windows+NT+10.0;+Win64;+x64)+AppleWebKit/537.36+(KHTML,+like+Gecko)+Chrome/65.0.3325.181+Safari/537.36 http://localhost:56299/Login 200 0 0 77
2018-04-25 19:53:28 ::1 POST /Login - 56299 - ::1 Mozilla/5.0+(Windows+NT+10.0;+Win64;+x64)+AppleWebKit/537.36+(KHTML,+like+Gecko)+Chrome/65.0.3325.181+Safari/537.36 http://localhost:56299/Login 500 0 0 10435
2018-04-25 19:53:28 ::1 GET /favicon.ico - 56299 - ::1 Mozilla/5.0+(Windows+NT+10.0;+Win64;+x64)+AppleWebKit/537.36+(KHTML,+like+Gecko)+Chrome/65.0.3325.181+Safari/537.36 http://localhost:56299/Login 200 0 0 26
2018-04-25 19:53:55 ::1 POST /Login - 56299 - ::1 Mozilla/5.0+(Windows+NT+10.0;+Win64;+x64)+AppleWebKit/537.36+(KHTML,+like+Gecko)+Chrome/65.0.3325.181+Safari/537.36 http://localhost:56299/Login 200 0 0 466
2018-04-25 19:53:55 ::1 GET /favicon.ico - 56299 - ::1 Mozilla/5.0+(Windows+NT+10.0;+Win64;+x64)+AppleWebKit/537.36+(KHTML,+like+Gecko)+Chrome/65.0.3325.181+Safari/537.36 http://localhost:56299/Login 200 0 0 15
2018-04-25 19:55:07 ::1 POST /Login - 56299 - ::1 Mozilla/5.0+(Windows+NT+10.0;+Win64;+x64)+AppleWebKit/537.36+(KHTML,+like+Gecko)+Chrome/65.0.3325.181+Safari/537.36 http://localhost:56299/Login 200 0 0 42
2018-04-25 19:55:07 ::1 GET /Scripts/modernizr-2.6.2.js - 56299 - ::1 Mozilla/5.0+(Windows+NT+10.0;+Win64;+x64)+AppleWebKit/537.36+(KHTML,+like+Gecko)+Chrome/65.0.3325.181+Safari/537.36 http://localhost:56299/Login 200 0 0 25
2018-04-25 19:55:07 ::1 GET /bundles/MsAjaxJs v=c42ygB2U07n37m_Sfa8ZbLGVu4Rr2gsBo7MvUEnJeZ81 56299 - ::1 Mozilla/5.0+(Windows+NT+10.0;+Win64;+x64)+AppleWebKit/537.36+(KHTML,+like+Gecko)+Chrome/65.0.3325.181+Safari/537.36 http://localhost:56299/Login 200 0 0 40
2018-04-25 19:55:07 ::1 GET /Content/Site.css - 56299 - ::1 Mozilla/5.0+(Windows+NT+10.0;+Win64;+x64)+AppleWebKit/537.36+(KHTML,+like+Gecko)+Chrome/65.0.3325.181+Safari/537.36 http://localhost:56299/Login 200 0 0 54
2018-04-25 19:55:07 ::1 GET /Scripts/bootstrap.js - 56299 - ::1 Mozilla/5.0+(Windows+NT+10.0;+Win64;+x64)+AppleWebKit/537.36+(KHTML,+like+Gecko)+Chrome/65.0.3325.181+Safari/537.36 http://localhost:56299/Login 200 0 0 55
2018-04-25 19:55:07 ::1 GET /bundles/WebFormsJs v=AAyiAYwMfvmwjNSBfIMrBAqfU5exDukMVhrRuZ-PDU01 56299 - ::1 Mozilla/5.0+(Windows+NT+10.0;+Win64;+x64)+AppleWebKit/537.36+(KHTML,+like+Gecko)+Chrome/65.0.3325.181+Safari/537.36 http://localhost:56299/Login 200 0 0 29
2018-04-25 19:55:07 ::1 GET /Scripts/respond.js - 56299 - ::1 Mozilla/5.0+(Windows+NT+10.0;+Win64;+x64)+AppleWebKit/537.36+(KHTML,+like+Gecko)+Chrome/65.0.3325.181+Safari/537.36 http://localhost:56299/Login 200 0 0 86
2018-04-25 19:55:07 ::1 GET /Scripts/jquery-1.10.2.js - 56299 - ::1 Mozilla/5.0+(Windows+NT+10.0;+Win64;+x64)+AppleWebKit/537.36+(KHTML,+like+Gecko)+Chrome/65.0.3325.181+Safari/537.36 http://localhost:56299/Login 200 0 0 110
2018-04-25 19:55:07 ::1 GET /Content/bootstrap.css - 56299 - ::1 Mozilla/5.0+(Windows+NT+10.0;+Win64;+x64)+AppleWebKit/537.36+(KHTML,+like+Gecko)+Chrome/65.0.3325.181+Safari/537.36 http://localhost:56299/Login 200 0 0 129
#Software: Microsoft Internet Information Services 10.0
#Version: 1.0
#Date: 2018-04-25 19:56:45
#Fields: date time s-ip cs-method cs-uri-stem cs-uri-query s-port cs-username c-ip cs(User-Agent) cs(Referer) sc-status sc-substatus sc-win32-status time-taken
2018-04-25 19:56:45 ::1 GET /Login.aspx - 56299 - ::1 Mozilla/5.0+(Windows+NT+10.0;+Win64;+x64)+AppleWebKit/537.36+(KHTML,+like+Gecko)+Chrome/65.0.3325.181+Safari/537.36 - 301 0 0 2366
2018-04-25 19:56:47 ::1 GET /Login - 56299 - ::1 Mozilla/5.0+(Windows+NT+10.0;+Win64;+x64)+AppleWebKit/537.36+(KHTML,+like+Gecko)+Chrome/65.0.3325.181+Safari/537.36 - 200 0 0 1574
2018-04-25 19:56:47 ::1 GET /Content/Site.css - 56299 - ::1 Mozilla/5.0+(Windows+NT+10.0;+Win64;+x64)+AppleWebKit/537.36+(KHTML,+like+Gecko)+Chrome/65.0.3325.181+Safari/537.36 http://localhost:56299/Login 304 0 0 22
2018-04-25 19:56:52 ::1 POST /Login - 56299 - ::1 Mozilla/5.0+(Windows+NT+10.0;+Win64;+x64)+AppleWebKit/537.36+(KHTML,+like+Gecko)+Chrome/65.0.3325.181+Safari/537.36 http://localhost:56299/Login 200 0 0 29
2018-04-25 19:56:56 ::1 POST /Login - 56299 - ::1 Mozilla/5.0+(Windows+NT+10.0;+Win64;+x64)+AppleWebKit/537.36+(KHTML,+like+Gecko)+Chrome/65.0.3325.181+Safari/537.36 http://localhost:56299/Login 200 0 0 62
#Software: Microsoft Internet Information Services 10.0
#Version: 1.0
#Date: 2018-04-25 19:58:05
#Fields: date time s-ip cs-method cs-uri-stem cs-uri-query s-port cs-username c-ip cs(User-Agent) cs(Referer) sc-status sc-substatus sc-win32-status time-taken
2018-04-25 19:58:05 ::1 GET /Login - 56299 - ::1 Mozilla/5.0+(Windows+NT+10.0;+Win64;+x64)+AppleWebKit/537.36+(KHTML,+like+Gecko)+Chrome/65.0.3325.181+Safari/537.36 - 200 0 0 5727
2018-04-25 19:58:05 ::1 GET /Content/Site.css - 56299 - ::1 Mozilla/5.0+(Windows+NT+10.0;+Win64;+x64)+AppleWebKit/537.36+(KHTML,+like+Gecko)+Chrome/65.0.3325.181+Safari/537.36 http://localhost:56299/Login 304 0 0 19
2018-04-25 19:58:10 ::1 POST /Login - 56299 - ::1 Mozilla/5.0+(Windows+NT+10.0;+Win64;+x64)+AppleWebKit/537.36+(KHTML,+like+Gecko)+Chrome/65.0.3325.181+Safari/537.36 http://localhost:56299/Login 200 0 0 155
2018-04-25 19:58:24 ::1 GET /Login - 56299 - ::1 Mozilla/5.0+(Windows+NT+10.0;+Win64;+x64)+AppleWebKit/537.36+(KHTML,+like+Gecko)+Chrome/65.0.3325.181+Safari/537.36 - 200 0 0 6
2018-04-25 19:59:17 ::1 POST /Login - 56299 - ::1 Mozilla/5.0+(Windows+NT+10.0;+Win64;+x64)+AppleWebKit/537.36+(KHTML,+like+Gecko)+Chrome/65.0.3325.181+Safari/537.36 http://localhost:56299/Login 200 0 0 49381
2018-04-25 19:59:17 ::1 GET /Content/Site.css - 56299 - ::1 Mozilla/5.0+(Windows+NT+10.0;+Win64;+x64)+AppleWebKit/537.36+(KHTML,+like+Gecko)+Chrome/65.0.3325.181+Safari/537.36 http://localhost:56299/Login 304 0 0 12
#Software: Microsoft Internet Information Services 10.0
#Version: 1.0
#Date: 2018-04-25 20:07:15
#Fields: date time s-ip cs-method cs-uri-stem cs-uri-query s-port cs-username c-ip cs(User-Agent) cs(Referer) sc-status sc-substatus sc-win32-status time-taken
2018-04-25 20:07:15 ::1 GET /Login - 56299 - ::1 Mozilla/5.0+(Windows+NT+10.0;+Win64;+x64)+AppleWebKit/537.36+(KHTML,+like+Gecko)+Chrome/65.0.3325.181+Safari/537.36 - 200 0 0 3665
2018-04-25 20:07:15 ::1 GET /Content/Site.css - 56299 - ::1 Mozilla/5.0+(Windows+NT+10.0;+Win64;+x64)+AppleWebKit/537.36+(KHTML,+like+Gecko)+Chrome/65.0.3325.181+Safari/537.36 http://localhost:56299/Login 304 0 0 18
2018-04-25 20:07:20 ::1 POST /Login - 56299 - ::1 Mozilla/5.0+(Windows+NT+10.0;+Win64;+x64)+AppleWebKit/537.36+(KHTML,+like+Gecko)+Chrome/65.0.3325.181+Safari/537.36 http://localhost:56299/Login 200 0 0 68
2018-04-25 20:07:25 ::1 POST /Login - 56299 - ::1 Mozilla/5.0+(Windows+NT+10.0;+Win64;+x64)+AppleWebKit/537.36+(KHTML,+like+Gecko)+Chrome/65.0.3325.181+Safari/537.36 http://localhost:56299/Login 200 0 0 6
#Software: Microsoft Internet Information Services 10.0
#Version: 1.0
#Date: 2018-04-25 20:09:32
#Fields: date time s-ip cs-method cs-uri-stem cs-uri-query s-port cs-username c-ip cs(User-Agent) cs(Referer) sc-status sc-substatus sc-win32-status time-taken
2018-04-25 20:09:32 ::1 GET /Login - 56299 - ::1 Mozilla/5.0+(Windows+NT+10.0;+Win64;+x64)+AppleWebKit/537.36+(KHTML,+like+Gecko)+Chrome/65.0.3325.181+Safari/537.36 - 200 0 0 5869
2018-04-25 20:09:32 ::1 GET /Content/Site.css - 56299 - ::1 Mozilla/5.0+(Windows+NT+10.0;+Win64;+x64)+AppleWebKit/537.36+(KHTML,+like+Gecko)+Chrome/65.0.3325.181+Safari/537.36 http://localhost:56299/Login 304 0 0 9
2018-04-25 20:09:58 ::1 POST /Login - 56299 - ::1 Mozilla/5.0+(Windows+NT+10.0;+Win64;+x64)+AppleWebKit/537.36+(KHTML,+like+Gecko)+Chrome/65.0.3325.181+Safari/537.36 http://localhost:56299/Login 200 0 0 22120
2018-04-25 20:11:49 ::1 GET /Contact.aspx loanNo=12340 56299 - ::1 Mozilla/5.0+(Windows+NT+10.0;+Win64;+x64)+AppleWebKit/537.36+(KHTML,+like+Gecko)+Chrome/65.0.3325.181+Safari/537.36 http://localhost:56299/Login 404 0 0 26
#Software: Microsoft Internet Information Services 10.0
#Version: 1.0
#Date: 2018-04-25 20:13:46
#Fields: date time s-ip cs-method cs-uri-stem cs-uri-query s-port cs-username c-ip cs(User-Agent) cs(Referer) sc-status sc-substatus sc-win32-status time-taken
2018-04-25 20:13:46 ::1 GET /Login - 56299 - ::1 Mozilla/5.0+(Windows+NT+10.0;+Win64;+x64)+AppleWebKit/537.36+(KHTML,+like+Gecko)+Chrome/65.0.3325.181+Safari/537.36 - 200 0 0 3673
2018-04-25 20:13:46 ::1 GET /Content/Site.css - 56299 - ::1 Mozilla/5.0+(Windows+NT+10.0;+Win64;+x64)+AppleWebKit/537.36+(KHTML,+like+Gecko)+Chrome/65.0.3325.181+Safari/537.36 http://localhost:56299/Login 304 0 0 28
2018-04-25 20:14:13 ::1 POST /Login - 56299 - ::1 Mozilla/5.0+(Windows+NT+10.0;+Win64;+x64)+AppleWebKit/537.36+(KHTML,+like+Gecko)+Chrome/65.0.3325.181+Safari/537.36 http://localhost:56299/Login 200 0 0 22035
2018-04-25 20:14:37 ::1 GET / - 56299 - ::1 Mozilla/5.0+(Windows+NT+10.0;+Win64;+x64)+AppleWebKit/537.36+(KHTML,+like+Gecko)+Chrome/65.0.3325.181+Safari/537.36 http://localhost:56299/Login 403 14 0 86
#Software: Microsoft Internet Information Services 10.0
#Version: 1.0
#Date: 2018-04-25 20:20:33
#Fields: date time s-ip cs-method cs-uri-stem cs-uri-query s-port cs-username c-ip cs(User-Agent) cs(Referer) sc-status sc-substatus sc-win32-status time-taken
2018-04-25 20:20:33 ::1 GET /Login - 56299 - ::1 Mozilla/5.0+(Windows+NT+10.0;+Win64;+x64)+AppleWebKit/537.36+(KHTML,+like+Gecko)+Chrome/65.0.3325.181+Safari/537.36 - 200 0 0 7315
2018-04-25 20:20:33 ::1 GET /Content/Site.css - 56299 - ::1 Mozilla/5.0+(Windows+NT+10.0;+Win64;+x64)+AppleWebKit/537.36+(KHTML,+like+Gecko)+Chrome/65.0.3325.181+Safari/537.36 http://localhost:56299/Login 304 0 0 32
2018-04-25 20:21:03 ::1 POST /Login - 56299 - ::1 Mozilla/5.0+(Windows+NT+10.0;+Win64;+x64)+AppleWebKit/537.36+(KHTML,+like+Gecko)+Chrome/65.0.3325.181+Safari/537.36 http://localhost:56299/Login 200 0 0 21895
#Software: Microsoft Internet Information Services 10.0
#Version: 1.0
#Date: 2018-04-25 20:22:00
#Fields: date time s-ip cs-method cs-uri-stem cs-uri-query s-port cs-username c-ip cs(User-Agent) cs(Referer) sc-status sc-substatus sc-win32-status time-taken
2018-04-25 20:22:00 ::1 GET /Login - 56299 - ::1 Mozilla/5.0+(Windows+NT+10.0;+Win64;+x64)+AppleWebKit/537.36+(KHTML,+like+Gecko)+Chrome/65.0.3325.181+Safari/537.36 - 200 0 0 4424
2018-04-25 20:22:00 ::1 GET /Scripts/WebForms/MsAjax/MicrosoftAjaxWebForms.js - 56299 - ::1 Mozilla/5.0+(Windows+NT+10.0;+Win64;+x64)+AppleWebKit/537.36+(KHTML,+like+Gecko)+Chrome/65.0.3325.181+Safari/537.36 http://localhost:56299/Login 200 0 0 29
2018-04-25 20:22:00 ::1 GET /WebResource.axd d=pynGkmcFUV13He1Qd6_TZKXPScSNvsqwOdh9GNWUgsumzkxVM7c5fIxYmMtEBzNUQQybz8FwmWC7DhsXamJgUA2&t=636531429525433943 56299 - ::1 Mozilla/5.0+(Windows+NT+10.0;+Win64;+x64)+AppleWebKit/537.36+(KHTML,+like+Gecko)+Chrome/65.0.3325.181+Safari/537.36 http://localhost:56299/Login 200 0 0 37
2018-04-25 20:22:00 ::1 GET /Scripts/WebForms/MsAjax/MicrosoftAjax.js - 56299 - ::1 Mozilla/5.0+(Windows+NT+10.0;+Win64;+x64)+AppleWebKit/537.36+(KHTML,+like+Gecko)+Chrome/65.0.3325.181+Safari/537.36 http://localhost:56299/Login 200 0 0 40
2018-04-25 20:22:00 ::1 GET /ScriptResource.axd d=nv7asgRUU0tRmHNR2D6t1JH-zow-XVgmOK2Mc1ujbb2tmQK-rjf2WgRgdnZighlEoDR9ZTkbJotPMBSBYmrFS6ptdGW13nhXVs6Oam1HAovNHT8jURFBJIIRgD3urdEWbsmI01n8Gc6nTjyQiKztIQ2&t=ffffffff89cdcc85 56299 - ::1 Mozilla/5.0+(Windows+NT+10.0;+Win64;+x64)+AppleWebKit/537.36+(KHTML,+like+Gecko)+Chrome/65.0.3325.181+Safari/537.36 http://localhost:56299/Login 200 0 0 54
2018-04-25 20:22:27 ::1 POST /Login - 56299 - ::1 Mozilla/5.0+(Windows+NT+10.0;+Win64;+x64)+AppleWebKit/537.36+(KHTML,+like+Gecko)+Chrome/65.0.3325.181+Safari/537.36 http://localhost:56299/Login 200 0 0 21802
2018-04-25 20:22:35 ::1 GET /InitiateLoan.aspx loanNo=12340 56299 - ::1 Mozilla/5.0+(Windows+NT+10.0;+Win64;+x64)+AppleWebKit/537.36+(KHTML,+like+Gecko)+Chrome/65.0.3325.181+Safari/537.36 http://localhost:56299/Login 404 0 0 49
#Software: Microsoft Internet Information Services 10.0
#Version: 1.0
#Date: 2018-04-25 20:24:28
#Fields: date time s-ip cs-method cs-uri-stem cs-uri-query s-port cs-username c-ip cs(User-Agent) cs(Referer) sc-status sc-substatus sc-win32-status time-taken
2018-04-25 20:24:28 ::1 GET /Login - 56299 - ::1 Mozilla/5.0+(Windows+NT+10.0;+Win64;+x64)+AppleWebKit/537.36+(KHTML,+like+Gecko)+Chrome/65.0.3325.181+Safari/537.36 - 200 0 0 6660
2018-04-25 20:24:28 ::1 GET /Content/Site.css - 56299 - ::1 Mozilla/5.0+(Windows+NT+10.0;+Win64;+x64)+AppleWebKit/537.36+(KHTML,+like+Gecko)+Chrome/65.0.3325.181+Safari/537.36 http://localhost:56299/Login 304 0 0 16
2018-04-25 20:24:56 ::1 POST /Login - 56299 - ::1 Mozilla/5.0+(Windows+NT+10.0;+Win64;+x64)+AppleWebKit/537.36+(KHTML,+like+Gecko)+Chrome/65.0.3325.181+Safari/537.36 http://localhost:56299/Login 200 0 64 22812
2018-04-25 20:24:56 ::1 POST /Login - 56299 - ::1 Mozilla/5.0+(Windows+NT+10.0;+Win64;+x64)+AppleWebKit/537.36+(KHTML,+like+Gecko)+Chrome/65.0.3325.181+Safari/537.36 http://localhost:56299/Login 200 0 0 18898
#Software: Microsoft Internet Information Services 10.0
#Version: 1.0
#Date: 2018-04-25 20:30:22
#Fields: date time s-ip cs-method cs-uri-stem cs-uri-query s-port cs-username c-ip cs(User-Agent) cs(Referer) sc-status sc-substatus sc-win32-status time-taken
2018-04-25 20:30:22 ::1 GET /Login - 56299 - ::1 Mozilla/5.0+(Windows+NT+10.0;+Win64;+x64)+AppleWebKit/537.36+(KHTML,+like+Gecko)+Chrome/65.0.3325.181+Safari/537.36 - 200 0 0 5197
2018-04-25 20:30:22 ::1 GET /Content/Site.css - 56299 - ::1 Mozilla/5.0+(Windows+NT+10.0;+Win64;+x64)+AppleWebKit/537.36+(KHTML,+like+Gecko)+Chrome/65.0.3325.181+Safari/537.36 http://localhost:56299/Login 304 0 0 28
#Software: Microsoft Internet Information Services 10.0
#Version: 1.0
#Date: 2018-04-25 20:35:44
#Fields: date time s-ip cs-method cs-uri-stem cs-uri-query s-port cs-username c-ip cs(User-Agent) cs(Referer) sc-status sc-substatus sc-win32-status time-taken
2018-04-25 20:35:44 ::1 GET /Login - 56299 - ::1 Mozilla/5.0+(Windows+NT+10.0;+Win64;+x64)+AppleWebKit/537.36+(KHTML,+like+Gecko)+Chrome/65.0.3325.181+Safari/537.36 - 200 0 0 4565
2018-04-25 20:35:44 ::1 GET /Content/Site.css - 56299 - ::1 Mozilla/5.0+(Windows+NT+10.0;+Win64;+x64)+AppleWebKit/537.36+(KHTML,+like+Gecko)+Chrome/65.0.3325.181+Safari/537.36 http://localhost:56299/Login 304 0 0 23
2018-04-25 20:36:14 ::1 POST /Login - 56299 - ::1 Mozilla/5.0+(Windows+NT+10.0;+Win64;+x64)+AppleWebKit/537.36+(KHTML,+like+Gecko)+Chrome/65.0.3325.181+Safari/537.36 http://localhost:56299/Login 200 0 0 26036
#Software: Microsoft Internet Information Services 10.0
#Version: 1.0
#Date: 2018-04-25 20:38:55
#Fields: date time s-ip cs-method cs-uri-stem cs-uri-query s-port cs-username c-ip cs(User-Agent) cs(Referer) sc-status sc-substatus sc-win32-status time-taken
2018-04-25 20:38:55 ::1 GET /Login - 56299 - ::1 Mozilla/5.0+(Windows+NT+10.0;+Win64;+x64)+AppleWebKit/537.36+(KHTML,+like+Gecko)+Chrome/65.0.3325.181+Safari/537.36 - 200 0 0 4608
2018-04-25 20:38:59 ::1 POST /Login - 56299 - ::1 Mozilla/5.0+(Windows+NT+10.0;+Win64;+x64)+AppleWebKit/537.36+(KHTML,+like+Gecko)+Chrome/65.0.3325.181+Safari/537.36 http://localhost:56299/Login 200 0 0 144
2018-04-25 20:39:24 ::1 GET /Login - 56299 - ::1 Mozilla/5.0+(Windows+NT+10.0;+Win64;+x64)+AppleWebKit/537.36+(KHTML,+like+Gecko)+Chrome/65.0.3325.181+Safari/537.36 - 200 0 0 34
2018-04-25 20:39:24 ::1 GET /WebResource.axd d=pynGkmcFUV13He1Qd6_TZKXPScSNvsqwOdh9GNWUgsumzkxVM7c5fIxYmMtEBzNUQQybz8FwmWC7DhsXamJgUA2&t=636531429525433943 56299 - ::1 Mozilla/5.0+(Windows+NT+10.0;+Win64;+x64)+AppleWebKit/537.36+(KHTML,+like+Gecko)+Chrome/65.0.3325.181+Safari/537.36 http://localhost:56299/Login 200 0 0 56
2018-04-25 20:39:24 ::1 GET /ScriptResource.axd d=nv7asgRUU0tRmHNR2D6t1JH-zow-XVgmOK2Mc1ujbb2tmQK-rjf2WgRgdnZighlEoDR9ZTkbJotPMBSBYmrFS6ptdGW13nhXVs6Oam1HAovNHT8jURFBJIIRgD3urdEWbsmI01n8Gc6nTjyQiKztIQ2&t=ffffffff89cdcc85 56299 - ::1 Mozilla/5.0+(Windows+NT+10.0;+Win64;+x64)+AppleWebKit/537.36+(KHTML,+like+Gecko)+Chrome/65.0.3325.181+Safari/537.36 http://localhost:56299/Login 200 0 0 81
2018-04-25 20:39:24 ::1 GET /Scripts/modernizr-2.6.2.js - 56299 - ::1 Mozilla/5.0+(Windows+NT+10.0;+Win64;+x64)+AppleWebKit/537.36+(KHTML,+like+Gecko)+Chrome/65.0.3325.181+Safari/537.36 http://localhost:56299/Login 200 0 0 113
2018-04-25 20:39:24 ::1 GET /Content/Site.css - 56299 - ::1 Mozilla/5.0+(Windows+NT+10.0;+Win64;+x64)+AppleWebKit/537.36+(KHTML,+like+Gecko)+Chrome/65.0.3325.181+Safari/537.36 http://localhost:56299/Login 200 0 0 130
2018-04-25 20:39:24 ::1 GET /Content/bootstrap.css - 56299 - ::1 Mozilla/5.0+(Windows+NT+10.0;+Win64;+x64)+AppleWebKit/537.36+(KHTML,+like+Gecko)+Chrome/65.0.3325.181+Safari/537.36 http://localhost:56299/Login 200 0 0 172
2018-04-25 20:39:24 ::1 GET /Scripts/WebForms/MsAjax/MicrosoftAjax.js - 56299 - ::1 Mozilla/5.0+(Windows+NT+10.0;+Win64;+x64)+AppleWebKit/537.36+(KHTML,+like+Gecko)+Chrome/65.0.3325.181+Safari/537.36 http://localhost:56299/Login 200 0 0 181
2018-04-25 20:39:24 ::1 GET /Scripts/WebForms/MsAjax/MicrosoftAjaxWebForms.js - 56299 - ::1 Mozilla/5.0+(Windows+NT+10.0;+Win64;+x64)+AppleWebKit/537.36+(KHTML,+like+Gecko)+Chrome/65.0.3325.181+Safari/537.36 http://localhost:56299/Login 200 0 0 125
2018-04-25 20:39:24 ::1 GET /Scripts/jquery-1.10.2.js - 56299 - ::1 Mozilla/5.0+(Windows+NT+10.0;+Win64;+x64)+AppleWebKit/537.36+(KHTML,+like+Gecko)+Chrome/65.0.3325.181+Safari/537.36 http://localhost:56299/Login 200 0 0 178
2018-04-25 20:39:30 ::1 POST /Login - 56299 - ::1 Mozilla/5.0+(Windows+NT+10.0;+Win64;+x64)+AppleWebKit/537.36+(KHTML,+like+Gecko)+Chrome/65.0.3325.181+Safari/537.36 http://localhost:56299/Login 200 0 0 27
2018-04-25 20:39:30 ::1 GET /Content/Site.css - 56299 - ::1 Mozilla/5.0+(Windows+NT+10.0;+Win64;+x64)+AppleWebKit/537.36+(KHTML,+like+Gecko)+Chrome/65.0.3325.181+Safari/537.36 http://localhost:56299/Login 304 0 0 10
2018-04-25 20:39:48 ::1 GET /InitiateLoan.aspx loanNo=12340 56299 - ::1 Mozilla/5.0+(Windows+NT+10.0;+Win64;+x64)+AppleWebKit/537.36+(KHTML,+like+Gecko)+Chrome/65.0.3325.181+Safari/537.36 http://localhost:56299/Login 301 0 0 26
2018-04-25 20:39:48 ::1 GET /InitiateLoan loanNo=12340 56299 - ::1 Mozilla/5.0+(Windows+NT+10.0;+Win64;+x64)+AppleWebKit/537.36+(KHTML,+like+Gecko)+Chrome/65.0.3325.181+Safari/537.36 http://localhost:56299/Login 200 0 0 68
2018-04-25 20:39:48 ::1 GET /Content/Site.css - 56299 - ::1 Mozilla/5.0+(Windows+NT+10.0;+Win64;+x64)+AppleWebKit/537.36+(KHTML,+like+Gecko)+Chrome/65.0.3325.181+Safari/537.36 http://localhost:56299/InitiateLoan?loanNo=12340 304 0 0 58
2018-04-25 20:43:03 ::1 POST /InitiateLoan loanNo=12340 56299 - ::1 Mozilla/5.0+(Windows+NT+10.0;+Win64;+x64)+AppleWebKit/537.36+(KHTML,+like+Gecko)+Chrome/65.0.3325.181+Safari/537.36 http://localhost:56299/InitiateLoan?loanNo=12340 200 0 0 12
2018-04-25 20:43:03 ::1 GET /Content/Site.css - 56299 - ::1 Mozilla/5.0+(Windows+NT+10.0;+Win64;+x64)+AppleWebKit/537.36+(KHTML,+like+Gecko)+Chrome/65.0.3325.181+Safari/537.36 http://localhost:56299/InitiateLoan?loanNo=12340 304 0 0 15
2018-04-25 20:43:05 ::1 POST /InitiateLoan loanNo=12340 56299 - ::1 Mozilla/5.0+(Windows+NT+10.0;+Win64;+x64)+AppleWebKit/537.36+(KHTML,+like+Gecko)+Chrome/65.0.3325.181+Safari/537.36 http://localhost:56299/InitiateLoan?loanNo=12340 200 0 0 24
2018-04-25 20:43:22 ::1 GET /login - 56299 - ::1 Mozilla/5.0+(Windows+NT+10.0;+Win64;+x64)+AppleWebKit/537.36+(KHTML,+like+Gecko)+Chrome/65.0.3325.181+Safari/537.36 - 200 0 0 7
2018-04-25 20:43:27 ::1 POST /login - 56299 - ::1 Mozilla/5.0+(Windows+NT+10.0;+Win64;+x64)+AppleWebKit/537.36+(KHTML,+like+Gecko)+Chrome/65.0.3325.181+Safari/537.36 http://localhost:56299/login 200 0 0 22
2018-04-25 20:43:30 ::1 GET /InitiateLoan.aspx loanNo=12342 56299 - ::1 Mozilla/5.0+(Windows+NT+10.0;+Win64;+x64)+AppleWebKit/537.36+(KHTML,+like+Gecko)+Chrome/65.0.3325.181+Safari/537.36 http://localhost:56299/login 301 0 0 7
2018-04-25 20:43:30 ::1 GET /InitiateLoan loanNo=12342 56299 - ::1 Mozilla/5.0+(Windows+NT+10.0;+Win64;+x64)+AppleWebKit/537.36+(KHTML,+like+Gecko)+Chrome/65.0.3325.181+Safari/537.36 http://localhost:56299/login 200 0 0 14
#Software: Microsoft Internet Information Services 10.0
#Version: 1.0
#Date: 2018-04-25 20:49:12
#Fields: date time s-ip cs-method cs-uri-stem cs-uri-query s-port cs-username c-ip cs(User-Agent) cs(Referer) sc-status sc-substatus sc-win32-status time-taken
2018-04-25 20:49:12 ::1 GET /Login.aspx - 56299 - ::1 Mozilla/5.0+(Windows+NT+10.0;+Win64;+x64)+AppleWebKit/537.36+(KHTML,+like+Gecko)+Chrome/65.0.3325.181+Safari/537.36 - 301 0 0 4040
2018-04-25 20:49:12 ::1 GET /Login - 56299 - ::1 Mozilla/5.0+(Windows+NT+10.0;+Win64;+x64)+AppleWebKit/537.36+(KHTML,+like+Gecko)+Chrome/65.0.3325.181+Safari/537.36 - 200 0 0 728
2018-04-25 20:49:12 ::1 GET /Content/Site.css - 56299 - ::1 Mozilla/5.0+(Windows+NT+10.0;+Win64;+x64)+AppleWebKit/537.36+(KHTML,+like+Gecko)+Chrome/65.0.3325.181+Safari/537.36 http://localhost:56299/Login 304 0 0 26
2018-04-25 20:49:26 ::1 GET /Login - 56299 - ::1 Mozilla/5.0+(Windows+NT+10.0;+Win64;+x64)+AppleWebKit/537.36+(KHTML,+like+Gecko)+Chrome/65.0.3325.181+Safari/537.36 - 200 0 0 8
2018-04-25 20:49:26 ::1 GET /WebResource.axd d=pynGkmcFUV13He1Qd6_TZKXPScSNvsqwOdh9GNWUgsumzkxVM7c5fIxYmMtEBzNUQQybz8FwmWC7DhsXamJgUA2&t=636531429525433943 56299 - ::1 Mozilla/5.0+(Windows+NT+10.0;+Win64;+x64)+AppleWebKit/537.36+(KHTML,+like+Gecko)+Chrome/65.0.3325.181+Safari/537.36 http://localhost:56299/Login 200 0 0 80
2018-04-25 20:49:26 ::1 GET /ScriptResource.axd d=nv7asgRUU0tRmHNR2D6t1JH-zow-XVgmOK2Mc1ujbb2tmQK-rjf2WgRgdnZighlEoDR9ZTkbJotPMBSBYmrFS6ptdGW13nhXVs6Oam1HAovNHT8jURFBJIIRgD3urdEWbsmI01n8Gc6nTjyQiKztIQ2&t=ffffffff89cdcc85 56299 - ::1 Mozilla/5.0+(Windows+NT+10.0;+Win64;+x64)+AppleWebKit/537.36+(KHTML,+like+Gecko)+Chrome/65.0.3325.181+Safari/537.36 http://localhost:56299/Login 200 0 0 95
2018-04-25 20:49:26 ::1 GET /Content/Site.css - 56299 - ::1 Mozilla/5.0+(Windows+NT+10.0;+Win64;+x64)+AppleWebKit/537.36+(KHTML,+like+Gecko)+Chrome/65.0.3325.181+Safari/537.36 http://localhost:56299/Login 200 0 0 112
2018-04-25 20:49:26 ::1 GET /Scripts/modernizr-2.6.2.js - 56299 - ::1 Mozilla/5.0+(Windows+NT+10.0;+Win64;+x64)+AppleWebKit/537.36+(KHTML,+like+Gecko)+Chrome/65.0.3325.181+Safari/537.36 http://localhost:56299/Login 200 0 0 144
2018-04-25 20:49:26 ::1 GET /Content/bootstrap.css - 56299 - ::1 Mozilla/5.0+(Windows+NT+10.0;+Win64;+x64)+AppleWebKit/537.36+(KHTML,+like+Gecko)+Chrome/65.0.3325.181+Safari/537.36 http://localhost:56299/Login 200 0 0 144
2018-04-25 20:49:26 ::1 GET /Scripts/WebForms/MsAjax/MicrosoftAjaxWebForms.js - 56299 - ::1 Mozilla/5.0+(Windows+NT+10.0;+Win64;+x64)+AppleWebKit/537.36+(KHTML,+like+Gecko)+Chrome/65.0.3325.181+Safari/537.36 http://localhost:56299/Login 200 0 0 246
2018-04-25 20:49:26 ::1 GET /Scripts/WebForms/MsAjax/MicrosoftAjax.js - 56299 - ::1 Mozilla/5.0+(Windows+NT+10.0;+Win64;+x64)+AppleWebKit/537.36+(KHTML,+like+Gecko)+Chrome/65.0.3325.181+Safari/537.36 http://localhost:56299/Login 200 0 0 406
2018-04-25 20:49:26 ::1 GET /Scripts/jquery-1.10.2.js - 56299 - ::1 Mozilla/5.0+(Windows+NT+10.0;+Win64;+x64)+AppleWebKit/537.36+(KHTML,+like+Gecko)+Chrome/65.0.3325.181+Safari/537.36 http://localhost:56299/Login 200 0 0 359
2018-04-25 20:49:46 ::1 GET /Login - 56299 - ::1 Mozilla/5.0+(Windows+NT+10.0;+Win64;+x64)+AppleWebKit/537.36+(KHTML,+like+Gecko)+Chrome/65.0.3325.181+Safari/537.36 - 200 0 0 504
2018-04-25 20:49:46 ::1 GET /Content/bootstrap.css - 56299 - ::1 Mozilla/5.0+(Windows+NT+10.0;+Win64;+x64)+AppleWebKit/537.36+(KHTML,+like+Gecko)+Chrome/65.0.3325.181+Safari/537.36 http://localhost:56299/Login 304 0 0 7
2018-04-25 20:51:08 ::1 GET /Login - 56299 - ::1 Mozilla/5.0+(Windows+NT+10.0;+Win64;+x64)+AppleWebKit/537.36+(KHTML,+like+Gecko)+Chrome/65.0.3325.181+Safari/537.36 - 200 0 0 552
2018-04-25 20:51:08 ::1 GET /WebResource.axd d=pynGkmcFUV13He1Qd6_TZKXPScSNvsqwOdh9GNWUgsumzkxVM7c5fIxYmMtEBzNUQQybz8FwmWC7DhsXamJgUA2&t=636531429525433943 56299 - ::1 Mozilla/5.0+(Windows+NT+10.0;+Win64;+x64)+AppleWebKit/537.36+(KHTML,+like+Gecko)+Chrome/65.0.3325.181+Safari/537.36 http://localhost:56299/Login 200 0 0 17
2018-04-25 20:51:08 ::1 GET /ScriptResource.axd d=nv7asgRUU0tRmHNR2D6t1JH-zow-XVgmOK2Mc1ujbb2tmQK-rjf2WgRgdnZighlEoDR9ZTkbJotPMBSBYmrFS6ptdGW13nhXVs6Oam1HAovNHT8jURFBJIIRgD3urdEWbsmI01n8Gc6nTjyQiKztIQ2&t=ffffffff89cdcc85 56299 - ::1 Mozilla/5.0+(Windows+NT+10.0;+Win64;+x64)+AppleWebKit/537.36+(KHTML,+like+Gecko)+Chrome/65.0.3325.181+Safari/537.36 http://localhost:56299/Login 200 0 0 23
2018-04-25 20:51:08 ::1 GET /Scripts/modernizr-2.6.2.js - 56299 - ::1 Mozilla/5.0+(Windows+NT+10.0;+Win64;+x64)+AppleWebKit/537.36+(KHTML,+like+Gecko)+Chrome/65.0.3325.181+Safari/537.36 http://localhost:56299/Login 200 0 0 54
2018-04-25 20:51:08 ::1 GET /Scripts/WebForms/MsAjax/MicrosoftAjaxWebForms.js - 56299 - ::1 Mozilla/5.0+(Windows+NT+10.0;+Win64;+x64)+AppleWebKit/537.36+(KHTML,+like+Gecko)+Chrome/65.0.3325.181+Safari/537.36 http://localhost:56299/Login 200 0 0 51
2018-04-25 20:51:08 ::1 GET /Content/bootstrap.css - 56299 - ::1 Mozilla/5.0+(Windows+NT+10.0;+Win64;+x64)+AppleWebKit/537.36+(KHTML,+like+Gecko)+Chrome/65.0.3325.181+Safari/537.36 http://localhost:56299/Login 200 0 0 86
2018-04-25 20:51:08 ::1 GET /Content/Site.css - 56299 - ::1 Mozilla/5.0+(Windows+NT+10.0;+Win64;+x64)+AppleWebKit/537.36+(KHTML,+like+Gecko)+Chrome/65.0.3325.181+Safari/537.36 http://localhost:56299/Login 200 0 0 86
2018-04-25 20:51:08 ::1 GET /Scripts/WebForms/MsAjax/MicrosoftAjax.js - 56299 - ::1 Mozilla/5.0+(Windows+NT+10.0;+Win64;+x64)+AppleWebKit/537.36+(KHTML,+like+Gecko)+Chrome/65.0.3325.181+Safari/537.36 http://localhost:56299/Login 200 0 0 108
2018-04-25 20:51:08 ::1 GET /Scripts/jquery-1.10.2.js - 56299 - ::1 Mozilla/5.0+(Windows+NT+10.0;+Win64;+x64)+AppleWebKit/537.36+(KHTML,+like+Gecko)+Chrome/65.0.3325.181+Safari/537.36 http://localhost:56299/Login 200 0 0 95
2018-04-25 20:51:08 ::1 GET /favicon.ico - 56299 - ::1 Mozilla/5.0+(Windows+NT+10.0;+Win64;+x64)+AppleWebKit/537.36+(KHTML,+like+Gecko)+Chrome/65.0.3325.181+Safari/537.36 http://localhost:56299/Login 200 0 0 22
2018-04-25 20:51:11 ::1 GET /Login - 56299 - ::1 Mozilla/5.0+(Windows+NT+10.0;+Win64;+x64)+AppleWebKit/537.36+(KHTML,+like+Gecko)+Chrome/65.0.3325.181+Safari/537.36 - 200 0 0 23
2018-04-25 20:51:11 ::1 GET /ScriptResource.axd d=nv7asgRUU0tRmHNR2D6t1JH-zow-XVgmOK2Mc1ujbb2tmQK-rjf2WgRgdnZighlEoDR9ZTkbJotPMBSBYmrFS6ptdGW13nhXVs6Oam1HAovNHT8jURFBJIIRgD3urdEWbsmI01n8Gc6nTjyQiKztIQ2&t=ffffffff89cdcc85 56299 - ::1 Mozilla/5.0+(Windows+NT+10.0;+Win64;+x64)+AppleWebKit/537.36+(KHTML,+like+Gecko)+Chrome/65.0.3325.181+Safari/537.36 http://localhost:56299/Login 200 0 0 13
2018-04-25 20:51:11 ::1 GET /WebResource.axd d=pynGkmcFUV13He1Qd6_TZKXPScSNvsqwOdh9GNWUgsumzkxVM7c5fIxYmMtEBzNUQQybz8FwmWC7DhsXamJgUA2&t=636531429525433943 56299 - ::1 Mozilla/5.0+(Windows+NT+10.0;+Win64;+x64)+AppleWebKit/537.36+(KHTML,+like+Gecko)+Chrome/65.0.3325.181+Safari/537.36 http://localhost:56299/Login 200 0 0 23
2018-04-25 20:51:11 ::1 GET /Scripts/modernizr-2.6.2.js - 56299 - ::1 Mozilla/5.0+(Windows+NT+10.0;+Win64;+x64)+AppleWebKit/537.36+(KHTML,+like+Gecko)+Chrome/65.0.3325.181+Safari/537.36 http://localhost:56299/Login 200 0 0 31
2018-04-25 20:51:11 ::1 GET /Content/Site.css - 56299 - ::1 Mozilla/5.0+(Windows+NT+10.0;+Win64;+x64)+AppleWebKit/537.36+(KHTML,+like+Gecko)+Chrome/65.0.3325.181+Safari/537.36 http://localhost:56299/Login 200 0 0 46
2018-04-25 20:51:11 ::1 GET /Scripts/WebForms/MsAjax/MicrosoftAjaxWebForms.js - 56299 - ::1 Mozilla/5.0+(Windows+NT+10.0;+Win64;+x64)+AppleWebKit/537.36+(KHTML,+like+Gecko)+Chrome/65.0.3325.181+Safari/537.36 http://localhost:56299/Login 200 0 0 25
2018-04-25 20:51:11 ::1 GET /Scripts/jquery-1.10.2.js - 56299 - ::1 Mozilla/5.0+(Windows+NT+10.0;+Win64;+x64)+AppleWebKit/537.36+(KHTML,+like+Gecko)+Chrome/65.0.3325.181+Safari/537.36 http://localhost:56299/Login 200 0 0 90
2018-04-25 20:51:11 ::1 GET /Content/bootstrap.css - 56299 - ::1 Mozilla/5.0+(Windows+NT+10.0;+Win64;+x64)+AppleWebKit/537.36+(KHTML,+like+Gecko)+Chrome/65.0.3325.181+Safari/537.36 http://localhost:56299/Login 200 0 0 116
2018-04-25 20:51:11 ::1 GET /Scripts/WebForms/MsAjax/MicrosoftAjax.js - 56299 - ::1 Mozilla/5.0+(Windows+NT+10.0;+Win64;+x64)+AppleWebKit/537.36+(KHTML,+like+Gecko)+Chrome/65.0.3325.181+Safari/537.36 http://localhost:56299/Login 200 0 0 129
2018-04-25 20:51:11 ::1 GET /favicon.ico - 56299 - ::1 Mozilla/5.0+(Windows+NT+10.0;+Win64;+x64)+AppleWebKit/537.36+(KHTML,+like+Gecko)+Chrome/65.0.3325.181+Safari/537.36 http://localhost:56299/Login 200 0 0 19
2018-04-25 20:51:21 ::1 GET /Login - 56299 - ::1 Mozilla/5.0+(Windows+NT+10.0;+Win64;+x64)+AppleWebKit/537.36+(KHTML,+like+Gecko)+Chrome/65.0.3325.181+Safari/537.36 - 200 0 0 5
2018-04-25 20:51:21 ::1 GET /Scripts/modernizr-2.6.2.js - 56299 - ::1 Mozilla/5.0+(Windows+NT+10.0;+Win64;+x64)+AppleWebKit/537.36+(KHTML,+like+Gecko)+Chrome/65.0.3325.181+Safari/537.36 http://localhost:56299/Login 200 0 0 17
2018-04-25 20:51:21 ::1 GET /Scripts/WebForms/MsAjax/MicrosoftAjaxWebForms.js - 56299 - ::1 Mozilla/5.0+(Windows+NT+10.0;+Win64;+x64)+AppleWebKit/537.36+(KHTML,+like+Gecko)+Chrome/65.0.3325.181+Safari/537.36 http://localhost:56299/Login 200 0 0 21
2018-04-25 20:51:21 ::1 GET /Content/Site.css - 56299 - ::1 Mozilla/5.0+(Windows+NT+10.0;+Win64;+x64)+AppleWebKit/537.36+(KHTML,+like+Gecko)+Chrome/65.0.3325.181+Safari/537.36 http://localhost:56299/Login 200 0 0 37
2018-04-25 20:51:21 ::1 GET /Content/bootstrap.css - 56299 - ::1 Mozilla/5.0+(Windows+NT+10.0;+Win64;+x64)+AppleWebKit/537.36+(KHTML,+like+Gecko)+Chrome/65.0.3325.181+Safari/537.36 http://localhost:56299/Login 200 0 0 54
2018-04-25 20:51:21 ::1 GET /Scripts/WebForms/MsAjax/MicrosoftAjax.js - 56299 - ::1 Mozilla/5.0+(Windows+NT+10.0;+Win64;+x64)+AppleWebKit/537.36+(KHTML,+like+Gecko)+Chrome/65.0.3325.181+Safari/537.36 http://localhost:56299/Login 200 0 0 58
2018-04-25 20:51:21 ::1 GET /ScriptResource.axd d=nv7asgRUU0tRmHNR2D6t1JH-zow-XVgmOK2Mc1ujbb2tmQK-rjf2WgRgdnZighlEoDR9ZTkbJotPMBSBYmrFS6ptdGW13nhXVs6Oam1HAovNHT8jURFBJIIRgD3urdEWbsmI01n8Gc6nTjyQiKztIQ2&t=ffffffff89cdcc85 56299 - ::1 Mozilla/5.0+(Windows+NT+10.0;+Win64;+x64)+AppleWebKit/537.36+(KHTML,+like+Gecko)+Chrome/65.0.3325.181+Safari/537.36 http://localhost:56299/Login 200 0 0 58
2018-04-25 20:51:21 ::1 GET /WebResource.axd d=pynGkmcFUV13He1Qd6_TZKXPScSNvsqwOdh9GNWUgsumzkxVM7c5fIxYmMtEBzNUQQybz8FwmWC7DhsXamJgUA2&t=636531429525433943 56299 - ::1 Mozilla/5.0+(Windows+NT+10.0;+Win64;+x64)+AppleWebKit/537.36+(KHTML,+like+Gecko)+Chrome/65.0.3325.181+Safari/537.36 http://localhost:56299/Login 200 0 0 77
2018-04-25 20:51:21 ::1 GET /Scripts/jquery-1.10.2.js - 56299 - ::1 Mozilla/5.0+(Windows+NT+10.0;+Win64;+x64)+AppleWebKit/537.36+(KHTML,+like+Gecko)+Chrome/65.0.3325.181+Safari/537.36 http://localhost:56299/Login 200 0 0 49
2018-04-25 20:51:29 ::1 POST /Login - 56299 - ::1 Mozilla/5.0+(Windows+NT+10.0;+Win64;+x64)+AppleWebKit/537.36+(KHTML,+like+Gecko)+Chrome/65.0.3325.181+Safari/537.36 http://localhost:56299/Login 200 0 0 156
2018-04-25 20:51:34 ::1 GET /InitiateLoan.aspx loanNo=12340 56299 - ::1 Mozilla/5.0+(Windows+NT+10.0;+Win64;+x64)+AppleWebKit/537.36+(KHTML,+like+Gecko)+Chrome/65.0.3325.181+Safari/537.36 http://localhost:56299/Login 301 0 0 9
2018-04-25 20:51:42 ::1 GET /InitiateLoan loanNo=12340 56299 - ::1 Mozilla/5.0+(Windows+NT+10.0;+Win64;+x64)+AppleWebKit/537.36+(KHTML,+like+Gecko)+Chrome/65.0.3325.181+Safari/537.36 http://localhost:56299/Login 500 0 0 7723
