#Software: Microsoft Internet Information Services 10.0
#Version: 1.0
#Date: 2018-04-14 16:30:51
#Fields: date time s-ip cs-method cs-uri-stem cs-uri-query s-port cs-username c-ip cs(User-Agent) cs(Referer) sc-status sc-substatus sc-win32-status time-taken
2018-04-14 16:30:51 ::1 GET / - 56299 - ::1 Mozilla/5.0+(Windows+NT+10.0;+Win64;+x64)+AppleWebKit/537.36+(KHTML,+like+Gecko)+Chrome/65.0.3325.181+Safari/537.36 - 200 0 0 50159
2018-04-14 16:30:51 ::1 GET /Content/Site.css - 56299 - ::1 Mozilla/5.0+(Windows+NT+10.0;+Win64;+x64)+AppleWebKit/537.36+(KHTML,+like+Gecko)+Chrome/65.0.3325.181+Safari/537.36 http://localhost:56299/ 200 0 0 67
2018-04-14 16:30:51 ::1 GET /bundles/MsAjaxJs v=c42ygB2U07n37m_Sfa8ZbLGVu4Rr2gsBo7MvUEnJeZ81 56299 - ::1 Mozilla/5.0+(Windows+NT+10.0;+Win64;+x64)+AppleWebKit/537.36+(KHTML,+like+Gecko)+Chrome/65.0.3325.181+Safari/537.36 http://localhost:56299/ 200 0 0 74
2018-04-14 16:30:51 ::1 GET /Content/bootstrap.css - 56299 - ::1 Mozilla/5.0+(Windows+NT+10.0;+Win64;+x64)+AppleWebKit/537.36+(KHTML,+like+Gecko)+Chrome/65.0.3325.181+Safari/537.36 http://localhost:56299/ 200 0 0 84
2018-04-14 16:30:51 ::1 GET /bundles/WebFormsJs v=AAyiAYwMfvmwjNSBfIMrBAqfU5exDukMVhrRuZ-PDU01 56299 - ::1 Mozilla/5.0+(Windows+NT+10.0;+Win64;+x64)+AppleWebKit/537.36+(KHTML,+like+Gecko)+Chrome/65.0.3325.181+Safari/537.36 http://localhost:56299/ 200 0 0 10
2018-04-14 16:30:51 ::1 GET /Scripts/bootstrap.js - 56299 - ::1 Mozilla/5.0+(Windows+NT+10.0;+Win64;+x64)+AppleWebKit/537.36+(KHTML,+like+Gecko)+Chrome/65.0.3325.181+Safari/537.36 http://localhost:56299/ 200 0 0 106
2018-04-14 16:30:51 ::1 GET /Scripts/modernizr-2.6.2.js - 56299 - ::1 Mozilla/5.0+(Windows+NT+10.0;+Win64;+x64)+AppleWebKit/537.36+(KHTML,+like+Gecko)+Chrome/65.0.3325.181+Safari/537.36 http://localhost:56299/ 200 0 0 117
2018-04-14 16:30:51 ::1 GET /Scripts/respond.js - 56299 - ::1 Mozilla/5.0+(Windows+NT+10.0;+Win64;+x64)+AppleWebKit/537.36+(KHTML,+like+Gecko)+Chrome/65.0.3325.181+Safari/537.36 http://localhost:56299/ 200 0 0 117
2018-04-14 16:30:51 ::1 GET /Scripts/jquery-1.10.2.js - 56299 - ::1 Mozilla/5.0+(Windows+NT+10.0;+Win64;+x64)+AppleWebKit/537.36+(KHTML,+like+Gecko)+Chrome/65.0.3325.181+Safari/537.36 http://localhost:56299/ 200 0 0 210
2018-04-14 16:30:52 ::1 GET /favicon.ico - 56299 - ::1 Mozilla/5.0+(Windows+NT+10.0;+Win64;+x64)+AppleWebKit/537.36+(KHTML,+like+Gecko)+Chrome/65.0.3325.181+Safari/537.36 http://localhost:56299/ 200 0 0 102
2018-04-14 16:31:05 ::1 GET /About - 56299 - ::1 Mozilla/5.0+(Windows+NT+10.0;+Win64;+x64)+AppleWebKit/537.36+(KHTML,+like+Gecko)+Chrome/65.0.3325.181+Safari/537.36 http://localhost:56299/ 200 0 0 26
2018-04-14 16:31:06 ::1 GET /Contact - 56299 - ::1 Mozilla/5.0+(Windows+NT+10.0;+Win64;+x64)+AppleWebKit/537.36+(KHTML,+like+Gecko)+Chrome/65.0.3325.181+Safari/537.36 http://localhost:56299/About 200 0 0 24
2018-04-14 16:31:07 ::1 GET /About - 56299 - ::1 Mozilla/5.0+(Windows+NT+10.0;+Win64;+x64)+AppleWebKit/537.36+(KHTML,+like+Gecko)+Chrome/65.0.3325.181+Safari/537.36 http://localhost:56299/Contact 200 0 0 6
2018-04-14 16:31:07 ::1 GET /Scripts/respond.js - 56299 - ::1 Mozilla/5.0+(Windows+NT+10.0;+Win64;+x64)+AppleWebKit/537.36+(KHTML,+like+Gecko)+Chrome/65.0.3325.181+Safari/537.36 http://localhost:56299/About 304 0 0 10
2018-04-14 16:31:07 ::1 GET /Scripts/jquery-1.10.2.js - 56299 - ::1 Mozilla/5.0+(Windows+NT+10.0;+Win64;+x64)+AppleWebKit/537.36+(KHTML,+like+Gecko)+Chrome/65.0.3325.181+Safari/537.36 http://localhost:56299/About 304 0 0 11
2018-04-14 16:31:07 ::1 GET /Scripts/bootstrap.js - 56299 - ::1 Mozilla/5.0+(Windows+NT+10.0;+Win64;+x64)+AppleWebKit/537.36+(KHTML,+like+Gecko)+Chrome/65.0.3325.181+Safari/537.36 http://localhost:56299/About 304 0 0 11
2018-04-14 16:31:07 ::1 GET /Content/bootstrap.css - 56299 - ::1 Mozilla/5.0+(Windows+NT+10.0;+Win64;+x64)+AppleWebKit/537.36+(KHTML,+like+Gecko)+Chrome/65.0.3325.181+Safari/537.36 http://localhost:56299/About 304 0 0 59
2018-04-14 16:31:07 ::1 GET /Scripts/modernizr-2.6.2.js - 56299 - ::1 Mozilla/5.0+(Windows+NT+10.0;+Win64;+x64)+AppleWebKit/537.36+(KHTML,+like+Gecko)+Chrome/65.0.3325.181+Safari/537.36 http://localhost:56299/About 304 0 0 65
2018-04-14 16:31:09 ::1 GET / - 56299 - ::1 Mozilla/5.0+(Windows+NT+10.0;+Win64;+x64)+AppleWebKit/537.36+(KHTML,+like+Gecko)+Chrome/65.0.3325.181+Safari/537.36 http://localhost:56299/About 200 0 0 11
2018-04-14 16:31:09 ::1 GET /Content/Site.css - 56299 - ::1 Mozilla/5.0+(Windows+NT+10.0;+Win64;+x64)+AppleWebKit/537.36+(KHTML,+like+Gecko)+Chrome/65.0.3325.181+Safari/537.36 http://localhost:56299/ 304 0 0 32
2018-04-14 16:31:09 ::1 GET /About - 56299 - ::1 Mozilla/5.0+(Windows+NT+10.0;+Win64;+x64)+AppleWebKit/537.36+(KHTML,+like+Gecko)+Chrome/65.0.3325.181+Safari/537.36 http://localhost:56299/ 200 0 0 6
2018-04-14 16:31:10 ::1 GET /Contact - 56299 - ::1 Mozilla/5.0+(Windows+NT+10.0;+Win64;+x64)+AppleWebKit/537.36+(KHTML,+like+Gecko)+Chrome/65.0.3325.181+Safari/537.36 http://localhost:56299/About 200 0 0 5
2018-04-14 16:31:12 ::1 GET / - 56299 - ::1 Mozilla/5.0+(Windows+NT+10.0;+Win64;+x64)+AppleWebKit/537.36+(KHTML,+like+Gecko)+Chrome/65.0.3325.181+Safari/537.36 http://localhost:56299/Contact 200 0 0 8
