#Software: Microsoft Internet Information Services 10.0
#Version: 1.0
#Date: 2018-04-16 19:33:13
#Fields: date time s-ip cs-method cs-uri-stem cs-uri-query s-port cs-username c-ip cs(User-Agent) cs(Referer) sc-status sc-substatus sc-win32-status time-taken
2018-04-16 19:33:13 ::1 GET /Login.aspx - 56299 - ::1 Mozilla/5.0+(Windows+NT+10.0;+Win64;+x64)+AppleWebKit/537.36+(KHTML,+like+Gecko)+Chrome/65.0.3325.181+Safari/537.36 - 500 0 0 19489
2018-04-16 19:33:38 ::1 GET /Login.aspx - 56299 - ::1 Mozilla/5.0+(Windows+NT+10.0;+Win64;+x64)+AppleWebKit/537.36+(KHTML,+like+Gecko)+Chrome/65.0.3325.181+Safari/537.36 - 301 0 0 916
2018-04-16 19:33:40 ::1 GET /Login - 56299 - ::1 Mozilla/5.0+(Windows+NT+10.0;+Win64;+x64)+AppleWebKit/537.36+(KHTML,+like+Gecko)+Chrome/65.0.3325.181+Safari/537.36 - 200 0 0 2311
2018-04-16 19:33:40 ::1 GET /Scripts/modernizr-2.6.2.js - 56299 - ::1 Mozilla/5.0+(Windows+NT+10.0;+Win64;+x64)+AppleWebKit/537.36+(KHTML,+like+Gecko)+Chrome/65.0.3325.181+Safari/537.36 http://localhost:56299/Login 304 0 0 73
2018-04-16 19:33:40 ::1 GET /Content/Site.css - 56299 - ::1 Mozilla/5.0+(Windows+NT+10.0;+Win64;+x64)+AppleWebKit/537.36+(KHTML,+like+Gecko)+Chrome/65.0.3325.181+Safari/537.36 http://localhost:56299/Login 304 0 0 73
2018-04-16 19:33:40 ::1 GET /Content/bootstrap.css - 56299 - ::1 Mozilla/5.0+(Windows+NT+10.0;+Win64;+x64)+AppleWebKit/537.36+(KHTML,+like+Gecko)+Chrome/65.0.3325.181+Safari/537.36 http://localhost:56299/Login 304 0 0 77
2018-04-16 19:33:40 ::1 GET /Scripts/bootstrap.js - 56299 - ::1 Mozilla/5.0+(Windows+NT+10.0;+Win64;+x64)+AppleWebKit/537.36+(KHTML,+like+Gecko)+Chrome/65.0.3325.181+Safari/537.36 http://localhost:56299/Login 304 0 0 206
2018-04-16 19:33:40 ::1 GET /Scripts/respond.js - 56299 - ::1 Mozilla/5.0+(Windows+NT+10.0;+Win64;+x64)+AppleWebKit/537.36+(KHTML,+like+Gecko)+Chrome/65.0.3325.181+Safari/537.36 http://localhost:56299/Login 304 0 0 269
2018-04-16 19:33:40 ::1 GET /Scripts/jquery-1.10.2.js - 56299 - ::1 Mozilla/5.0+(Windows+NT+10.0;+Win64;+x64)+AppleWebKit/537.36+(KHTML,+like+Gecko)+Chrome/65.0.3325.181+Safari/537.36 http://localhost:56299/Login 304 0 0 283
2018-04-16 19:33:40 ::1 GET /favicon.ico - 56299 - ::1 Mozilla/5.0+(Windows+NT+10.0;+Win64;+x64)+AppleWebKit/537.36+(KHTML,+like+Gecko)+Chrome/65.0.3325.181+Safari/537.36 http://localhost:56299/Login 304 0 0 36
2018-04-16 19:34:24 ::1 GET /Login - 56299 - ::1 Mozilla/5.0+(Windows+NT+10.0;+Win64;+x64)+AppleWebKit/537.36+(KHTML,+like+Gecko)+Chrome/65.0.3325.181+Safari/537.36 - 200 0 0 1082
2018-04-16 19:35:15 ::1 GET /Login - 56299 - ::1 Mozilla/5.0+(Windows+NT+10.0;+Win64;+x64)+AppleWebKit/537.36+(KHTML,+like+Gecko)+Chrome/65.0.3325.181+Safari/537.36 - 200 0 0 1084
#Software: Microsoft Internet Information Services 10.0
#Version: 1.0
#Date: 2018-04-16 19:38:38
#Fields: date time s-ip cs-method cs-uri-stem cs-uri-query s-port cs-username c-ip cs(User-Agent) cs(Referer) sc-status sc-substatus sc-win32-status time-taken
2018-04-16 19:38:38 ::1 GET /Contact - 56299 - ::1 Mozilla/5.0+(Windows+NT+10.0;+Win64;+x64)+AppleWebKit/537.36+(KHTML,+like+Gecko)+Chrome/65.0.3325.181+Safari/537.36 - 500 0 0 5500
#Software: Microsoft Internet Information Services 10.0
#Version: 1.0
#Date: 2018-04-16 19:39:08
#Fields: date time s-ip cs-method cs-uri-stem cs-uri-query s-port cs-username c-ip cs(User-Agent) cs(Referer) sc-status sc-substatus sc-win32-status time-taken
2018-04-16 19:39:08 ::1 GET /Contact - 56299 - ::1 Mozilla/5.0+(Windows+NT+10.0;+Win64;+x64)+AppleWebKit/537.36+(KHTML,+like+Gecko)+Chrome/65.0.3325.181+Safari/537.36 - 200 0 0 6046
2018-04-16 19:40:33 ::1 GET /Contact - 56299 - ::1 Mozilla/5.0+(Windows+NT+10.0;+Win64;+x64)+AppleWebKit/537.36+(KHTML,+like+Gecko)+Chrome/65.0.3325.181+Safari/537.36 - 200 0 0 540
#Software: Microsoft Internet Information Services 10.0
#Version: 1.0
#Date: 2018-04-16 19:40:45
#Fields: date time s-ip cs-method cs-uri-stem cs-uri-query s-port cs-username c-ip cs(User-Agent) cs(Referer) sc-status sc-substatus sc-win32-status time-taken
2018-04-16 19:40:45 ::1 GET /Contact - 56299 - ::1 Mozilla/5.0+(Windows+NT+10.0;+Win64;+x64)+AppleWebKit/537.36+(KHTML,+like+Gecko)+Chrome/65.0.3325.181+Safari/537.36 - 200 0 0 4517
#Software: Microsoft Internet Information Services 10.0
#Version: 1.0
#Date: 2018-04-16 19:41:23
#Fields: date time s-ip cs-method cs-uri-stem cs-uri-query s-port cs-username c-ip cs(User-Agent) cs(Referer) sc-status sc-substatus sc-win32-status time-taken
2018-04-16 19:41:23 ::1 GET /Contact - 56299 - ::1 Mozilla/5.0+(Windows+NT+10.0;+Win64;+x64)+AppleWebKit/537.36+(KHTML,+like+Gecko)+Chrome/65.0.3325.181+Safari/537.36 - 200 0 0 4847
2018-04-16 19:45:06 ::1 GET /Contact - 56299 - ::1 Mozilla/5.0+(Windows+NT+10.0;+Win64;+x64)+AppleWebKit/537.36+(KHTML,+like+Gecko)+Chrome/65.0.3325.181+Safari/537.36 - 200 0 0 13
2018-04-16 19:45:49 ::1 GET /Contact - 56299 - ::1 Mozilla/5.0+(Windows+NT+10.0;+Win64;+x64)+AppleWebKit/537.36+(KHTML,+like+Gecko)+Chrome/65.0.3325.181+Safari/537.36 - 200 0 0 874
2018-04-16 19:49:29 ::1 GET /Contact - 56299 - ::1 Mozilla/5.0+(Windows+NT+10.0;+Win64;+x64)+AppleWebKit/537.36+(KHTML,+like+Gecko)+Chrome/65.0.3325.181+Safari/537.36 - 200 0 0 598
2018-04-16 19:49:29 ::1 GET /bundles/MsAjaxJs v=c42ygB2U07n37m_Sfa8ZbLGVu4Rr2gsBo7MvUEnJeZ81 56299 - ::1 Mozilla/5.0+(Windows+NT+10.0;+Win64;+x64)+AppleWebKit/537.36+(KHTML,+like+Gecko)+Chrome/65.0.3325.181+Safari/537.36 http://localhost:56299/Contact 200 0 0 19
2018-04-16 19:49:29 ::1 GET /Content/Site.css - 56299 - ::1 Mozilla/5.0+(Windows+NT+10.0;+Win64;+x64)+AppleWebKit/537.36+(KHTML,+like+Gecko)+Chrome/65.0.3325.181+Safari/537.36 http://localhost:56299/Contact 200 0 0 25
2018-04-16 19:49:29 ::1 GET /bundles/WebFormsJs v=AAyiAYwMfvmwjNSBfIMrBAqfU5exDukMVhrRuZ-PDU01 56299 - ::1 Mozilla/5.0+(Windows+NT+10.0;+Win64;+x64)+AppleWebKit/537.36+(KHTML,+like+Gecko)+Chrome/65.0.3325.181+Safari/537.36 http://localhost:56299/Contact 200 0 0 10
2018-04-16 19:49:29 ::1 GET /Scripts/modernizr-2.6.2.js - 56299 - ::1 Mozilla/5.0+(Windows+NT+10.0;+Win64;+x64)+AppleWebKit/537.36+(KHTML,+like+Gecko)+Chrome/65.0.3325.181+Safari/537.36 http://localhost:56299/Contact 200 0 0 33
2018-04-16 19:49:29 ::1 GET /Content/bootstrap.css - 56299 - ::1 Mozilla/5.0+(Windows+NT+10.0;+Win64;+x64)+AppleWebKit/537.36+(KHTML,+like+Gecko)+Chrome/65.0.3325.181+Safari/537.36 http://localhost:56299/Contact 200 0 0 60
2018-04-16 19:49:29 ::1 GET /Scripts/bootstrap.js - 56299 - ::1 Mozilla/5.0+(Windows+NT+10.0;+Win64;+x64)+AppleWebKit/537.36+(KHTML,+like+Gecko)+Chrome/65.0.3325.181+Safari/537.36 http://localhost:56299/Contact 200 0 0 65
2018-04-16 19:49:29 ::1 GET /Scripts/respond.js - 56299 - ::1 Mozilla/5.0+(Windows+NT+10.0;+Win64;+x64)+AppleWebKit/537.36+(KHTML,+like+Gecko)+Chrome/65.0.3325.181+Safari/537.36 http://localhost:56299/Contact 200 0 0 54
2018-04-16 19:49:29 ::1 GET /Scripts/jquery-1.10.2.js - 56299 - ::1 Mozilla/5.0+(Windows+NT+10.0;+Win64;+x64)+AppleWebKit/537.36+(KHTML,+like+Gecko)+Chrome/65.0.3325.181+Safari/537.36 http://localhost:56299/Contact 200 0 0 100
2018-04-16 19:49:55 ::1 GET /Contact - 56299 - ::1 Mozilla/5.0+(Windows+NT+10.0;+Win64;+x64)+AppleWebKit/537.36+(KHTML,+like+Gecko)+Chrome/65.0.3325.181+Safari/537.36 - 200 0 0 569
2018-04-16 19:49:55 ::1 GET /favicon.ico - 56299 - ::1 Mozilla/5.0+(Windows+NT+10.0;+Win64;+x64)+AppleWebKit/537.36+(KHTML,+like+Gecko)+Chrome/65.0.3325.181+Safari/537.36 http://localhost:56299/Contact 200 0 0 14
2018-04-16 19:49:56 ::1 GET /Contact - 56299 - ::1 Mozilla/5.0+(Windows+NT+10.0;+Win64;+x64)+AppleWebKit/537.36+(KHTML,+like+Gecko)+Chrome/65.0.3325.181+Safari/537.36 - 200 0 0 18
2018-04-16 19:49:56 ::1 GET /favicon.ico - 56299 - ::1 Mozilla/5.0+(Windows+NT+10.0;+Win64;+x64)+AppleWebKit/537.36+(KHTML,+like+Gecko)+Chrome/65.0.3325.181+Safari/537.36 http://localhost:56299/Contact 200 0 0 4
2018-04-16 19:50:41 ::1 GET /login - 56299 - ::1 Mozilla/5.0+(Windows+NT+10.0;+Win64;+x64)+AppleWebKit/537.36+(KHTML,+like+Gecko)+Chrome/65.0.3325.181+Safari/537.36 - 200 0 0 31
2018-04-16 19:55:03 ::1 GET /Contact - 56299 - ::1 Mozilla/5.0+(Windows+NT+10.0;+Win64;+x64)+AppleWebKit/537.36+(KHTML,+like+Gecko)+Chrome/65.0.3325.181+Safari/537.36 - 200 0 0 10
2018-04-16 19:57:33 ::1 GET /Contact - 56299 - ::1 Mozilla/5.0+(Windows+NT+10.0;+Win64;+x64)+AppleWebKit/537.36+(KHTML,+like+Gecko)+Chrome/65.0.3325.181+Safari/537.36 - 200 0 0 526
2018-04-16 19:57:37 ::1 GET /Contact - 56299 - ::1 Mozilla/5.0+(Windows+NT+10.0;+Win64;+x64)+AppleWebKit/537.36+(KHTML,+like+Gecko)+Chrome/65.0.3325.181+Safari/537.36 - 200 0 0 6
#Software: Microsoft Internet Information Services 10.0
#Version: 1.0
#Date: 2018-04-16 19:57:56
#Fields: date time s-ip cs-method cs-uri-stem cs-uri-query s-port cs-username c-ip cs(User-Agent) cs(Referer) sc-status sc-substatus sc-win32-status time-taken
2018-04-16 19:57:56 ::1 GET /Contact - 56299 - ::1 Mozilla/5.0+(Windows+NT+10.0;+Win64;+x64)+AppleWebKit/537.36+(KHTML,+like+Gecko)+Chrome/65.0.3325.181+Safari/537.36 - 200 0 0 4785
#Software: Microsoft Internet Information Services 10.0
#Version: 1.0
#Date: 2018-04-16 19:59:17
#Fields: date time s-ip cs-method cs-uri-stem cs-uri-query s-port cs-username c-ip cs(User-Agent) cs(Referer) sc-status sc-substatus sc-win32-status time-taken
2018-04-16 19:59:17 ::1 GET / - 56299 - ::1 Mozilla/5.0+(Windows+NT+10.0;+Win64;+x64)+AppleWebKit/537.36+(KHTML,+like+Gecko)+Chrome/65.0.3325.181+Safari/537.36 - 403 14 0 3322
#Software: Microsoft Internet Information Services 10.0
#Version: 1.0
#Date: 2018-04-16 19:59:48
#Fields: date time s-ip cs-method cs-uri-stem cs-uri-query s-port cs-username c-ip cs(User-Agent) cs(Referer) sc-status sc-substatus sc-win32-status time-taken
2018-04-16 19:59:48 ::1 GET /Login - 56299 - ::1 Mozilla/5.0+(Windows+NT+10.0;+Win64;+x64)+AppleWebKit/537.36+(KHTML,+like+Gecko)+Chrome/65.0.3325.181+Safari/537.36 - 200 0 0 7398
2018-04-16 19:59:59 ::1 GET /Contact - 56299 - ::1 Mozilla/5.0+(Windows+NT+10.0;+Win64;+x64)+AppleWebKit/537.36+(KHTML,+like+Gecko)+Chrome/65.0.3325.181+Safari/537.36 - 200 0 0 50
